01-10-2024 16:36:00 [org.springframework.amqp.rabbit.RabbitListenerEndpointContainer#0-2] INFO  o.s.a.r.l.SimpleMessageListenerContainer - Waiting for workers to finish.
01-10-2024 16:36:00 [org.springframework.amqp.rabbit.RabbitListenerEndpointContainer#0-2] INFO  o.s.a.r.l.SimpleMessageListenerContainer - Successfully waited for workers to finish.
01-10-2024 16:36:00 [SpringApplicationShutdownHook] INFO  o.s.o.j.LocalContainerEntityManagerFactoryBean - Closing JPA EntityManagerFactory for persistence unit 'default'
01-10-2024 16:36:00 [SpringApplicationShutdownHook] INFO  com.zaxxer.hikari.HikariDataSource - HikariPool-1 - Shutdown initiated...
01-10-2024 16:36:00 [SpringApplicationShutdownHook] INFO  com.zaxxer.hikari.HikariDataSource - HikariPool-1 - Shutdown completed.
01-10-2024 16:36:02 [restartedMain] INFO  c.a.i.s.IdentityServiceApplication - Starting IdentityServiceApplication using Java 21.0.4 with PID 13150 (/Users/anle/Documents/BonusStudy/Spring Boot/identity-service/target/classes started by anle in /Users/anle/Documents/BonusStudy/Spring Boot/identity-service)
01-10-2024 16:36:02 [restartedMain] INFO  c.a.i.s.IdentityServiceApplication - No active profile set, falling back to 1 default profile: "default"
01-10-2024 16:36:02 [restartedMain] INFO  o.s.b.d.restart.ChangeableUrls - The Class-Path manifest attribute in /Users/anle/.m2/repository/com/oracle/database/jdbc/ojdbc11/21.9.0.0/ojdbc11-21.9.0.0.jar referenced one or more files that do not exist: file:/Users/anle/.m2/repository/com/oracle/database/jdbc/ojdbc11/21.9.0.0/oraclepki.jar
01-10-2024 16:36:02 [restartedMain] INFO  o.s.b.d.e.DevToolsPropertyDefaultsPostProcessor - Devtools property defaults active! Set 'spring.devtools.add-properties' to 'false' to disable
01-10-2024 16:36:02 [restartedMain] INFO  o.s.b.d.e.DevToolsPropertyDefaultsPostProcessor - For additional web related logging consider setting the 'logging.level.web' property to 'DEBUG'
01-10-2024 16:36:02 [restartedMain] INFO  o.s.d.r.c.RepositoryConfigurationDelegate - Bootstrapping Spring Data JPA repositories in DEFAULT mode.
01-10-2024 16:36:02 [restartedMain] INFO  o.s.d.r.c.RepositoryConfigurationDelegate - Finished Spring Data repository scanning in 24 ms. Found 2 JPA repository interfaces.
01-10-2024 16:36:02 [restartedMain] INFO  o.s.b.w.e.tomcat.TomcatWebServer - Tomcat initialized with port 8080 (http)
01-10-2024 16:36:02 [restartedMain] INFO  o.a.catalina.core.StandardService - Starting service [Tomcat]
01-10-2024 16:36:02 [restartedMain] INFO  o.a.catalina.core.StandardEngine - Starting Servlet engine: [Apache Tomcat/10.1.28]
01-10-2024 16:36:02 [restartedMain] INFO  o.a.c.c.C.[.[localhost].[/identity] - Initializing Spring embedded WebApplicationContext
01-10-2024 16:36:02 [restartedMain] INFO  o.s.b.w.s.c.ServletWebServerApplicationContext - Root WebApplicationContext: initialization completed in 650 ms
01-10-2024 16:36:03 [restartedMain] INFO  o.h.jpa.internal.util.LogHelper - HHH000204: Processing PersistenceUnitInfo [name: default]
01-10-2024 16:36:03 [restartedMain] INFO  org.hibernate.Version - HHH000412: Hibernate ORM core version 6.5.2.Final
01-10-2024 16:36:03 [restartedMain] INFO  o.h.c.i.RegionFactoryInitiator - HHH000026: Second-level cache disabled
01-10-2024 16:36:03 [restartedMain] INFO  o.s.o.j.p.SpringPersistenceUnitInfo - No LoadTimeWeaver setup: ignoring JPA class transformer
01-10-2024 16:36:03 [restartedMain] INFO  com.zaxxer.hikari.HikariDataSource - HikariPool-1 - Starting...
01-10-2024 16:36:03 [restartedMain] INFO  com.zaxxer.hikari.pool.HikariPool - HikariPool-1 - Added connection oracle.jdbc.driver.T4CConnection@13b1572d
01-10-2024 16:36:03 [restartedMain] INFO  com.zaxxer.hikari.HikariDataSource - HikariPool-1 - Start completed.
01-10-2024 16:36:03 [restartedMain] INFO  o.h.e.t.j.p.i.JtaPlatformInitiator - HHH000489: No JTA platform available (set 'hibernate.transaction.jta.platform' to enable JTA platform integration)
01-10-2024 16:36:03 [restartedMain] INFO  o.s.o.j.LocalContainerEntityManagerFactoryBean - Initialized JPA EntityManagerFactory for persistence unit 'default'
01-10-2024 16:36:04 [restartedMain] WARN  o.s.b.a.o.j.JpaBaseConfiguration$JpaWebConfiguration - spring.jpa.open-in-view is enabled by default. Therefore, database queries may be performed during view rendering. Explicitly configure spring.jpa.open-in-view to disable this warning
01-10-2024 16:36:04 [restartedMain] INFO  o.s.b.d.a.OptionalLiveReloadServer - LiveReload server is running on port 35729
01-10-2024 16:36:04 [restartedMain] INFO  o.s.b.w.e.tomcat.TomcatWebServer - Tomcat started on port 8080 (http) with context path '/identity'
01-10-2024 16:36:04 [restartedMain] INFO  o.s.a.r.c.CachingConnectionFactory - Attempting to connect to: [gerbil.rmq.cloudamqp.com:5671]
01-10-2024 16:36:04 [restartedMain] INFO  o.s.a.r.c.CachingConnectionFactory - Created new connection: rabbitConnectionFactory#28c32c96:0/SimpleConnection@7dd44b9a [delegate=amqp://dqvazhep@18.166.141.249:5671/dqvazhep, localPort=61047]
01-10-2024 16:36:05 [restartedMain] INFO  c.a.i.s.IdentityServiceApplication - Started IdentityServiceApplication in 3.094 seconds (process running for 3.421)
01-10-2024 16:36:08 [http-nio-8080-exec-1] INFO  o.a.c.c.C.[.[localhost].[/identity] - Initializing Spring DispatcherServlet 'dispatcherServlet'
01-10-2024 16:36:08 [http-nio-8080-exec-1] INFO  o.s.web.servlet.DispatcherServlet - Initializing Servlet 'dispatcherServlet'
01-10-2024 16:36:08 [http-nio-8080-exec-1] INFO  o.s.web.servlet.DispatcherServlet - Completed initialization in 1 ms
01-10-2024 16:36:39 [org.springframework.amqp.rabbit.RabbitListenerEndpointContainer#0-2] INFO  o.s.a.r.l.SimpleMessageListenerContainer - Waiting for workers to finish.
01-10-2024 16:36:40 [org.springframework.amqp.rabbit.RabbitListenerEndpointContainer#0-2] INFO  o.s.a.r.l.SimpleMessageListenerContainer - Successfully waited for workers to finish.
01-10-2024 16:36:40 [SpringApplicationShutdownHook] INFO  o.s.o.j.LocalContainerEntityManagerFactoryBean - Closing JPA EntityManagerFactory for persistence unit 'default'
01-10-2024 16:36:40 [SpringApplicationShutdownHook] INFO  com.zaxxer.hikari.HikariDataSource - HikariPool-1 - Shutdown initiated...
01-10-2024 16:36:40 [SpringApplicationShutdownHook] INFO  com.zaxxer.hikari.HikariDataSource - HikariPool-1 - Shutdown completed.
01-10-2024 16:36:42 [restartedMain] INFO  c.a.i.s.IdentityServiceApplication - Starting IdentityServiceApplication using Java 21.0.4 with PID 13237 (/Users/anle/Documents/BonusStudy/Spring Boot/identity-service/target/classes started by anle in /Users/anle/Documents/BonusStudy/Spring Boot/identity-service)
01-10-2024 16:36:42 [restartedMain] INFO  c.a.i.s.IdentityServiceApplication - No active profile set, falling back to 1 default profile: "default"
01-10-2024 16:36:42 [restartedMain] INFO  o.s.b.d.restart.ChangeableUrls - The Class-Path manifest attribute in /Users/anle/.m2/repository/com/oracle/database/jdbc/ojdbc11/21.9.0.0/ojdbc11-21.9.0.0.jar referenced one or more files that do not exist: file:/Users/anle/.m2/repository/com/oracle/database/jdbc/ojdbc11/21.9.0.0/oraclepki.jar
01-10-2024 16:36:42 [restartedMain] INFO  o.s.b.d.e.DevToolsPropertyDefaultsPostProcessor - Devtools property defaults active! Set 'spring.devtools.add-properties' to 'false' to disable
01-10-2024 16:36:42 [restartedMain] INFO  o.s.b.d.e.DevToolsPropertyDefaultsPostProcessor - For additional web related logging consider setting the 'logging.level.web' property to 'DEBUG'
01-10-2024 16:36:42 [restartedMain] INFO  o.s.d.r.c.RepositoryConfigurationDelegate - Bootstrapping Spring Data JPA repositories in DEFAULT mode.
01-10-2024 16:36:42 [restartedMain] INFO  o.s.d.r.c.RepositoryConfigurationDelegate - Finished Spring Data repository scanning in 24 ms. Found 2 JPA repository interfaces.
01-10-2024 16:36:42 [restartedMain] INFO  o.s.b.w.e.tomcat.TomcatWebServer - Tomcat initialized with port 8080 (http)
01-10-2024 16:36:42 [restartedMain] INFO  o.a.catalina.core.StandardService - Starting service [Tomcat]
01-10-2024 16:36:42 [restartedMain] INFO  o.a.catalina.core.StandardEngine - Starting Servlet engine: [Apache Tomcat/10.1.28]
01-10-2024 16:36:42 [restartedMain] INFO  o.a.c.c.C.[.[localhost].[/identity] - Initializing Spring embedded WebApplicationContext
01-10-2024 16:36:42 [restartedMain] INFO  o.s.b.w.s.c.ServletWebServerApplicationContext - Root WebApplicationContext: initialization completed in 625 ms
01-10-2024 16:36:42 [restartedMain] INFO  o.h.jpa.internal.util.LogHelper - HHH000204: Processing PersistenceUnitInfo [name: default]
01-10-2024 16:36:42 [restartedMain] INFO  org.hibernate.Version - HHH000412: Hibernate ORM core version 6.5.2.Final
01-10-2024 16:36:42 [restartedMain] INFO  o.h.c.i.RegionFactoryInitiator - HHH000026: Second-level cache disabled
01-10-2024 16:36:43 [restartedMain] INFO  o.s.o.j.p.SpringPersistenceUnitInfo - No LoadTimeWeaver setup: ignoring JPA class transformer
01-10-2024 16:36:43 [restartedMain] INFO  com.zaxxer.hikari.HikariDataSource - HikariPool-1 - Starting...
01-10-2024 16:36:43 [restartedMain] INFO  com.zaxxer.hikari.pool.HikariPool - HikariPool-1 - Added connection oracle.jdbc.driver.T4CConnection@13002ff5
01-10-2024 16:36:43 [restartedMain] INFO  com.zaxxer.hikari.HikariDataSource - HikariPool-1 - Start completed.
01-10-2024 16:36:43 [restartedMain] INFO  o.h.e.t.j.p.i.JtaPlatformInitiator - HHH000489: No JTA platform available (set 'hibernate.transaction.jta.platform' to enable JTA platform integration)
01-10-2024 16:36:43 [restartedMain] INFO  o.s.o.j.LocalContainerEntityManagerFactoryBean - Initialized JPA EntityManagerFactory for persistence unit 'default'
01-10-2024 16:36:44 [restartedMain] WARN  o.s.b.a.o.j.JpaBaseConfiguration$JpaWebConfiguration - spring.jpa.open-in-view is enabled by default. Therefore, database queries may be performed during view rendering. Explicitly configure spring.jpa.open-in-view to disable this warning
01-10-2024 16:36:44 [restartedMain] INFO  o.s.b.d.a.OptionalLiveReloadServer - LiveReload server is running on port 35729
01-10-2024 16:36:44 [restartedMain] INFO  o.s.b.w.e.tomcat.TomcatWebServer - Tomcat started on port 8080 (http) with context path '/identity'
01-10-2024 16:36:44 [restartedMain] INFO  o.s.a.r.c.CachingConnectionFactory - Attempting to connect to: [gerbil.rmq.cloudamqp.com:5671]
01-10-2024 16:36:44 [http-nio-8080-exec-1] INFO  o.a.c.c.C.[.[localhost].[/identity] - Initializing Spring DispatcherServlet 'dispatcherServlet'
01-10-2024 16:36:44 [http-nio-8080-exec-1] INFO  o.s.web.servlet.DispatcherServlet - Initializing Servlet 'dispatcherServlet'
01-10-2024 16:36:44 [http-nio-8080-exec-1] INFO  o.s.web.servlet.DispatcherServlet - Completed initialization in 1 ms
01-10-2024 16:36:44 [restartedMain] INFO  o.s.a.r.c.CachingConnectionFactory - Created new connection: rabbitConnectionFactory#4bc5b415:0/SimpleConnection@6d926f0 [delegate=amqp://dqvazhep@18.166.141.249:5671/dqvazhep, localPort=61072]
01-10-2024 16:36:45 [restartedMain] INFO  c.a.i.s.IdentityServiceApplication - Started IdentityServiceApplication in 3.413 seconds (process running for 3.734)
