01-10-2024 09:05:22 [restartedMain] INFO  c.a.i.s.IdentityServiceApplication - Starting IdentityServiceApplication using Java 21.0.4 with PID 49349 (/Users/anle/Documents/BonusStudy/Spring Boot/identity-service/target/classes started by anle in /Users/anle/Documents/BonusStudy/Spring Boot/identity-service)
01-10-2024 09:05:22 [restartedMain] INFO  c.a.i.s.IdentityServiceApplication - No active profile set, falling back to 1 default profile: "default"
01-10-2024 09:05:22 [restartedMain] INFO  o.s.b.d.restart.ChangeableUrls - The Class-Path manifest attribute in /Users/anle/.m2/repository/com/oracle/database/jdbc/ojdbc11/21.9.0.0/ojdbc11-21.9.0.0.jar referenced one or more files that do not exist: file:/Users/anle/.m2/repository/com/oracle/database/jdbc/ojdbc11/21.9.0.0/oraclepki.jar
01-10-2024 09:05:22 [restartedMain] INFO  o.s.b.d.e.DevToolsPropertyDefaultsPostProcessor - Devtools property defaults active! Set 'spring.devtools.add-properties' to 'false' to disable
01-10-2024 09:05:22 [restartedMain] INFO  o.s.b.d.e.DevToolsPropertyDefaultsPostProcessor - For additional web related logging consider setting the 'logging.level.web' property to 'DEBUG'
01-10-2024 09:05:22 [restartedMain] INFO  o.s.d.r.c.RepositoryConfigurationDelegate - Bootstrapping Spring Data JPA repositories in DEFAULT mode.
01-10-2024 09:05:22 [restartedMain] INFO  o.s.d.r.c.RepositoryConfigurationDelegate - Finished Spring Data repository scanning in 24 ms. Found 1 JPA repository interface.
01-10-2024 09:05:22 [restartedMain] INFO  o.s.b.w.e.tomcat.TomcatWebServer - Tomcat initialized with port 8080 (http)
01-10-2024 09:05:22 [restartedMain] INFO  o.a.catalina.core.StandardService - Starting service [Tomcat]
01-10-2024 09:05:22 [restartedMain] INFO  o.a.catalina.core.StandardEngine - Starting Servlet engine: [Apache Tomcat/10.1.28]
01-10-2024 09:05:23 [restartedMain] INFO  o.a.c.c.C.[.[localhost].[/identity] - Initializing Spring embedded WebApplicationContext
01-10-2024 09:05:23 [restartedMain] INFO  o.s.b.w.s.c.ServletWebServerApplicationContext - Root WebApplicationContext: initialization completed in 713 ms
01-10-2024 09:05:23 [restartedMain] INFO  o.h.jpa.internal.util.LogHelper - HHH000204: Processing PersistenceUnitInfo [name: default]
01-10-2024 09:05:23 [restartedMain] INFO  org.hibernate.Version - HHH000412: Hibernate ORM core version 6.5.2.Final
01-10-2024 09:05:23 [restartedMain] INFO  o.h.c.i.RegionFactoryInitiator - HHH000026: Second-level cache disabled
01-10-2024 09:05:23 [restartedMain] INFO  o.s.o.j.p.SpringPersistenceUnitInfo - No LoadTimeWeaver setup: ignoring JPA class transformer
01-10-2024 09:05:23 [restartedMain] INFO  com.zaxxer.hikari.HikariDataSource - HikariPool-1 - Starting...
01-10-2024 09:05:23 [restartedMain] WARN  c.z.hikari.util.DriverDataSource - Registered driver with driverClassName=oracle.jdbc.driver.OracleDriver was not found, trying direct instantiation.
01-10-2024 09:05:23 [restartedMain] INFO  com.zaxxer.hikari.pool.HikariPool - HikariPool-1 - Added connection oracle.jdbc.driver.T4CConnection@583b25ae
01-10-2024 09:05:23 [restartedMain] INFO  com.zaxxer.hikari.HikariDataSource - HikariPool-1 - Start completed.
01-10-2024 09:05:23 [restartedMain] INFO  o.h.e.t.j.p.i.JtaPlatformInitiator - HHH000489: No JTA platform available (set 'hibernate.transaction.jta.platform' to enable JTA platform integration)
01-10-2024 09:05:23 [restartedMain] INFO  o.s.o.j.LocalContainerEntityManagerFactoryBean - Initialized JPA EntityManagerFactory for persistence unit 'default'
01-10-2024 09:05:24 [restartedMain] WARN  o.s.b.a.o.j.JpaBaseConfiguration$JpaWebConfiguration - spring.jpa.open-in-view is enabled by default. Therefore, database queries may be performed during view rendering. Explicitly configure spring.jpa.open-in-view to disable this warning
01-10-2024 09:05:24 [restartedMain] INFO  o.s.b.d.a.OptionalLiveReloadServer - LiveReload server is running on port 35729
01-10-2024 09:05:24 [restartedMain] INFO  o.s.b.w.e.tomcat.TomcatWebServer - Tomcat started on port 8080 (http) with context path '/identity'
01-10-2024 09:05:24 [restartedMain] INFO  c.a.i.s.IdentityServiceApplication - Started IdentityServiceApplication in 2.277 seconds (process running for 2.644)
01-10-2024 09:05:27 [http-nio-8080-exec-2] INFO  o.a.c.c.C.[.[localhost].[/identity] - Initializing Spring DispatcherServlet 'dispatcherServlet'
01-10-2024 09:05:27 [http-nio-8080-exec-2] INFO  o.s.web.servlet.DispatcherServlet - Initializing Servlet 'dispatcherServlet'
01-10-2024 09:05:27 [http-nio-8080-exec-2] INFO  o.s.web.servlet.DispatcherServlet - Completed initialization in 1 ms
01-10-2024 09:05:27 [http-nio-8080-exec-2] INFO  c.a.i.service.service.UserService - class com.anle.identity.service.service.AuthenticationService authenticate with username: duyan123 
01-10-2024 09:05:27 [http-nio-8080-exec-2] INFO  c.a.i.service.service.UserService - class com.anle.identity.service.service.AuthenticationService generate with username: duyan123 
01-10-2024 09:05:37 [http-nio-8080-exec-3] INFO  c.a.i.service.service.UserService - class com.anle.identity.service.service.AuthenticationService authenticate with username: duyan123 
01-10-2024 09:05:37 [http-nio-8080-exec-3] INFO  c.a.i.service.service.UserService - class com.anle.identity.service.service.AuthenticationService generate with username: duyan123 
01-10-2024 09:05:53 [SpringApplicationShutdownHook] INFO  o.s.o.j.LocalContainerEntityManagerFactoryBean - Closing JPA EntityManagerFactory for persistence unit 'default'
01-10-2024 09:05:53 [SpringApplicationShutdownHook] INFO  com.zaxxer.hikari.HikariDataSource - HikariPool-1 - Shutdown initiated...
01-10-2024 09:05:53 [SpringApplicationShutdownHook] INFO  com.zaxxer.hikari.HikariDataSource - HikariPool-1 - Shutdown completed.
01-10-2024 09:06:57 [restartedMain] INFO  c.a.i.s.IdentityServiceApplication - Starting IdentityServiceApplication using Java 21.0.4 with PID 50397 (/Users/anle/Documents/BonusStudy/Spring Boot/identity-service/target/classes started by anle in /Users/anle/Documents/BonusStudy/Spring Boot/identity-service)
01-10-2024 09:06:57 [restartedMain] INFO  c.a.i.s.IdentityServiceApplication - No active profile set, falling back to 1 default profile: "default"
01-10-2024 09:06:57 [restartedMain] INFO  o.s.b.d.restart.ChangeableUrls - The Class-Path manifest attribute in /Users/anle/.m2/repository/com/oracle/database/jdbc/ojdbc11/21.9.0.0/ojdbc11-21.9.0.0.jar referenced one or more files that do not exist: file:/Users/anle/.m2/repository/com/oracle/database/jdbc/ojdbc11/21.9.0.0/oraclepki.jar
01-10-2024 09:06:57 [restartedMain] INFO  o.s.b.d.e.DevToolsPropertyDefaultsPostProcessor - Devtools property defaults active! Set 'spring.devtools.add-properties' to 'false' to disable
01-10-2024 09:06:57 [restartedMain] INFO  o.s.b.d.e.DevToolsPropertyDefaultsPostProcessor - For additional web related logging consider setting the 'logging.level.web' property to 'DEBUG'
01-10-2024 09:06:57 [restartedMain] INFO  o.s.d.r.c.RepositoryConfigurationDelegate - Bootstrapping Spring Data JPA repositories in DEFAULT mode.
01-10-2024 09:06:57 [restartedMain] INFO  o.s.d.r.c.RepositoryConfigurationDelegate - Finished Spring Data repository scanning in 21 ms. Found 1 JPA repository interface.
01-10-2024 09:06:57 [restartedMain] INFO  o.s.b.w.e.tomcat.TomcatWebServer - Tomcat initialized with port 8080 (http)
01-10-2024 09:06:57 [restartedMain] INFO  o.a.catalina.core.StandardService - Starting service [Tomcat]
01-10-2024 09:06:57 [restartedMain] INFO  o.a.catalina.core.StandardEngine - Starting Servlet engine: [Apache Tomcat/10.1.28]
01-10-2024 09:06:57 [restartedMain] INFO  o.a.c.c.C.[.[localhost].[/identity] - Initializing Spring embedded WebApplicationContext
01-10-2024 09:06:57 [restartedMain] INFO  o.s.b.w.s.c.ServletWebServerApplicationContext - Root WebApplicationContext: initialization completed in 639 ms
01-10-2024 09:06:58 [restartedMain] INFO  o.h.jpa.internal.util.LogHelper - HHH000204: Processing PersistenceUnitInfo [name: default]
01-10-2024 09:06:58 [restartedMain] INFO  org.hibernate.Version - HHH000412: Hibernate ORM core version 6.5.2.Final
01-10-2024 09:06:58 [restartedMain] INFO  o.h.c.i.RegionFactoryInitiator - HHH000026: Second-level cache disabled
01-10-2024 09:06:58 [restartedMain] INFO  o.s.o.j.p.SpringPersistenceUnitInfo - No LoadTimeWeaver setup: ignoring JPA class transformer
01-10-2024 09:06:58 [restartedMain] INFO  com.zaxxer.hikari.HikariDataSource - HikariPool-1 - Starting...
01-10-2024 09:06:58 [restartedMain] INFO  com.zaxxer.hikari.pool.HikariPool - HikariPool-1 - Added connection oracle.jdbc.driver.T4CConnection@3d85112
01-10-2024 09:06:58 [restartedMain] INFO  com.zaxxer.hikari.HikariDataSource - HikariPool-1 - Start completed.
01-10-2024 09:06:58 [restartedMain] INFO  o.h.e.t.j.p.i.JtaPlatformInitiator - HHH000489: No JTA platform available (set 'hibernate.transaction.jta.platform' to enable JTA platform integration)
01-10-2024 09:06:58 [restartedMain] INFO  o.s.o.j.LocalContainerEntityManagerFactoryBean - Initialized JPA EntityManagerFactory for persistence unit 'default'
01-10-2024 09:06:59 [restartedMain] WARN  o.s.b.a.o.j.JpaBaseConfiguration$JpaWebConfiguration - spring.jpa.open-in-view is enabled by default. Therefore, database queries may be performed during view rendering. Explicitly configure spring.jpa.open-in-view to disable this warning
01-10-2024 09:06:59 [restartedMain] INFO  o.s.b.d.a.OptionalLiveReloadServer - LiveReload server is running on port 35729
01-10-2024 09:06:59 [restartedMain] INFO  o.s.b.w.e.tomcat.TomcatWebServer - Tomcat started on port 8080 (http) with context path '/identity'
01-10-2024 09:06:59 [restartedMain] INFO  c.a.i.s.IdentityServiceApplication - Started IdentityServiceApplication in 2.227 seconds (process running for 2.593)
01-10-2024 09:09:45 [SpringApplicationShutdownHook] INFO  o.s.o.j.LocalContainerEntityManagerFactoryBean - Closing JPA EntityManagerFactory for persistence unit 'default'
01-10-2024 09:09:45 [SpringApplicationShutdownHook] INFO  com.zaxxer.hikari.HikariDataSource - HikariPool-1 - Shutdown initiated...
01-10-2024 09:09:45 [SpringApplicationShutdownHook] INFO  com.zaxxer.hikari.HikariDataSource - HikariPool-1 - Shutdown completed.
