09-10-2024 13:32:14 [org.springframework.amqp.rabbit.RabbitListenerEndpointContainer#0-3] INFO  o.s.a.r.l.SimpleMessageListenerContainer - Waiting for workers to finish.
09-10-2024 13:32:19 [org.springframework.amqp.rabbit.RabbitListenerEndpointContainer#0-3] INFO  o.s.a.r.l.SimpleMessageListenerContainer - Workers not finished.
09-10-2024 13:32:19 [org.springframework.amqp.rabbit.RabbitListenerEndpointContainer#0-3] WARN  o.s.a.r.l.SimpleMessageListenerContainer - Closing channel for unresponsive consumer: Consumer@7c564d27: tags=[[]], channel=Cached Rabbit Channel: AMQChannel(amqp://dqvazhep@18.166.141.249:5671/dqvazhep,1), conn: Proxy@1e5d2b01 Shared Rabbit Connection: SimpleConnection@5e9598b6 [delegate=amqp://dqvazhep@18.166.141.249:5671/dqvazhep, localPort=50364], acknowledgeMode=AUTO local queue size=0
09-10-2024 13:32:19 [AMQP Connection 18.166.141.249:5671] ERROR c.r.c.impl.ForgivingExceptionHandler - An unexpected connection driver error occurred
javax.net.ssl.SSLException: Tag mismatch
	at java.base/sun.security.ssl.Alert.createSSLException(Alert.java:132)
	at java.base/sun.security.ssl.TransportContext.fatal(TransportContext.java:378)
	at java.base/sun.security.ssl.TransportContext.fatal(TransportContext.java:321)
	at java.base/sun.security.ssl.TransportContext.fatal(TransportContext.java:316)
	at java.base/sun.security.ssl.SSLTransport.decode(SSLTransport.java:123)
	at java.base/sun.security.ssl.SSLSocketImpl.decode(SSLSocketImpl.java:1509)
	at java.base/sun.security.ssl.SSLSocketImpl.readApplicationRecord(SSLSocketImpl.java:1480)
	at java.base/sun.security.ssl.SSLSocketImpl$AppInputStream.read(SSLSocketImpl.java:1066)
	at java.base/java.io.BufferedInputStream.fill(BufferedInputStream.java:291)
	at java.base/java.io.BufferedInputStream.implRead(BufferedInputStream.java:325)
	at java.base/java.io.BufferedInputStream.read(BufferedInputStream.java:312)
	at java.base/java.io.DataInputStream.readUnsignedByte(DataInputStream.java:295)
	at com.rabbitmq.client.impl.Frame.readFrom(Frame.java:91)
	at com.rabbitmq.client.impl.SocketFrameHandler.readFrame(SocketFrameHandler.java:199)
	at com.rabbitmq.client.impl.AMQConnection$MainLoop.run(AMQConnection.java:687)
	at java.base/java.lang.Thread.run(Thread.java:1583)
Caused by: javax.crypto.AEADBadTagException: Tag mismatch
	at java.base/com.sun.crypto.provider.GaloisCounterMode$GCMDecrypt.doFinal(GaloisCounterMode.java:1652)
	at java.base/com.sun.crypto.provider.GaloisCounterMode.engineDoFinal(GaloisCounterMode.java:458)
	at java.base/javax.crypto.Cipher.doFinal(Cipher.java:2543)
	at java.base/sun.security.ssl.SSLCipher$T12GcmReadCipherGenerator$GcmReadCipher.decrypt(SSLCipher.java:1647)
	at java.base/sun.security.ssl.SSLSocketInputRecord.decodeInputRecord(SSLSocketInputRecord.java:264)
	at java.base/sun.security.ssl.SSLSocketInputRecord.decode(SSLSocketInputRecord.java:181)
	at java.base/sun.security.ssl.SSLTransport.decode(SSLTransport.java:111)
	... 11 common frames omitted
09-10-2024 13:32:19 [SpringApplicationShutdownHook] INFO  o.s.o.j.LocalContainerEntityManagerFactoryBean - Closing JPA EntityManagerFactory for persistence unit 'default'
09-10-2024 13:32:19 [SpringApplicationShutdownHook] INFO  com.zaxxer.hikari.HikariDataSource - HikariPool-1 - Shutdown initiated...
09-10-2024 13:32:19 [SpringApplicationShutdownHook] INFO  com.zaxxer.hikari.HikariDataSource - HikariPool-1 - Shutdown completed.
09-10-2024 13:32:21 [restartedMain] INFO  c.a.i.s.IdentityServiceApplication - Starting IdentityServiceApplication using Java 21.0.4 with PID 85547 (/Users/anle/Documents/BonusStudy/Spring Boot/identity-service/target/classes started by anle in /Users/anle/Documents/BonusStudy/Spring Boot/identity-service)
09-10-2024 13:32:21 [restartedMain] INFO  c.a.i.s.IdentityServiceApplication - No active profile set, falling back to 1 default profile: "default"
09-10-2024 13:32:21 [restartedMain] INFO  o.s.b.d.restart.ChangeableUrls - The Class-Path manifest attribute in /Users/anle/.m2/repository/com/oracle/database/jdbc/ojdbc11/21.9.0.0/ojdbc11-21.9.0.0.jar referenced one or more files that do not exist: file:/Users/anle/.m2/repository/com/oracle/database/jdbc/ojdbc11/21.9.0.0/oraclepki.jar
09-10-2024 13:32:21 [restartedMain] INFO  o.s.b.d.e.DevToolsPropertyDefaultsPostProcessor - Devtools property defaults active! Set 'spring.devtools.add-properties' to 'false' to disable
09-10-2024 13:32:21 [restartedMain] INFO  o.s.b.d.e.DevToolsPropertyDefaultsPostProcessor - For additional web related logging consider setting the 'logging.level.web' property to 'DEBUG'
09-10-2024 13:32:21 [restartedMain] INFO  o.s.d.r.c.RepositoryConfigurationDelegate - Bootstrapping Spring Data JPA repositories in DEFAULT mode.
09-10-2024 13:32:21 [restartedMain] INFO  o.s.d.r.c.RepositoryConfigurationDelegate - Finished Spring Data repository scanning in 34 ms. Found 4 JPA repository interfaces.
09-10-2024 13:32:22 [restartedMain] INFO  o.s.b.w.e.tomcat.TomcatWebServer - Tomcat initialized with port 8080 (http)
09-10-2024 13:32:22 [restartedMain] INFO  o.a.catalina.core.StandardService - Starting service [Tomcat]
09-10-2024 13:32:22 [restartedMain] INFO  o.a.catalina.core.StandardEngine - Starting Servlet engine: [Apache Tomcat/10.1.28]
09-10-2024 13:32:22 [restartedMain] INFO  o.a.c.c.C.[.[localhost].[/identity] - Initializing Spring embedded WebApplicationContext
09-10-2024 13:32:22 [restartedMain] INFO  o.s.b.w.s.c.ServletWebServerApplicationContext - Root WebApplicationContext: initialization completed in 707 ms
09-10-2024 13:32:22 [restartedMain] INFO  o.h.jpa.internal.util.LogHelper - HHH000204: Processing PersistenceUnitInfo [name: default]
09-10-2024 13:32:22 [restartedMain] INFO  org.hibernate.Version - HHH000412: Hibernate ORM core version 6.5.2.Final
09-10-2024 13:32:22 [restartedMain] INFO  o.h.c.i.RegionFactoryInitiator - HHH000026: Second-level cache disabled
09-10-2024 13:32:22 [restartedMain] INFO  o.s.o.j.p.SpringPersistenceUnitInfo - No LoadTimeWeaver setup: ignoring JPA class transformer
09-10-2024 13:32:22 [restartedMain] INFO  com.zaxxer.hikari.HikariDataSource - HikariPool-1 - Starting...
09-10-2024 13:32:22 [restartedMain] INFO  com.zaxxer.hikari.pool.HikariPool - HikariPool-1 - Added connection oracle.jdbc.driver.T4CConnection@1dbf5336
09-10-2024 13:32:22 [restartedMain] INFO  com.zaxxer.hikari.HikariDataSource - HikariPool-1 - Start completed.
09-10-2024 13:32:23 [restartedMain] INFO  o.h.e.t.j.p.i.JtaPlatformInitiator - HHH000489: No JTA platform available (set 'hibernate.transaction.jta.platform' to enable JTA platform integration)
09-10-2024 13:32:23 [restartedMain] INFO  o.s.o.j.LocalContainerEntityManagerFactoryBean - Initialized JPA EntityManagerFactory for persistence unit 'default'
09-10-2024 13:32:24 [restartedMain] INFO  o.s.b.d.a.OptionalLiveReloadServer - LiveReload server is running on port 35729
09-10-2024 13:32:24 [restartedMain] INFO  o.s.b.w.e.tomcat.TomcatWebServer - Tomcat started on port 8080 (http) with context path '/identity'
09-10-2024 13:32:24 [restartedMain] INFO  o.s.a.r.c.CachingConnectionFactory - Attempting to connect to: [gerbil.rmq.cloudamqp.com:5671]
09-10-2024 13:32:29 [AMQP Connection 18.166.141.249:5671] WARN  c.r.c.impl.ForgivingExceptionHandler - An unexpected connection driver error occurred (Exception message: Socket closed)
09-10-2024 13:32:29 [restartedMain] INFO  o.s.a.r.l.SimpleMessageListenerContainer - Broker not available; cannot force queue declarations during start: java.util.concurrent.TimeoutException
09-10-2024 13:32:29 [org.springframework.amqp.rabbit.RabbitListenerEndpointContainer#0-1] INFO  o.s.a.r.c.CachingConnectionFactory - Attempting to connect to: [gerbil.rmq.cloudamqp.com:5671]
09-10-2024 13:32:29 [org.springframework.amqp.rabbit.RabbitListenerEndpointContainer#0-1] INFO  o.s.a.r.c.CachingConnectionFactory - Created new connection: rabbitConnectionFactory#2d95f224:1/SimpleConnection@3b397e7d [delegate=amqp://dqvazhep@18.166.141.249:5671/dqvazhep, localPort=50398]
09-10-2024 13:32:30 [restartedMain] INFO  c.a.i.s.IdentityServiceApplication - Started IdentityServiceApplication in 8.719 seconds (process running for 9.052)
